[LOG] System::create                           : Header version = 1.10.10. Current version = 1.10.10.
[LOG] Manager::init                            : maxchannels = 256 studioflags = 00000006 flags 00000000 extradriverdata 0000000000000000.
[LOG] SystemI::init                            : Initialize version=11010 (98815), maxchannels=256, flags=0x00020000
[LOG] SystemI::setOutputInternal               : Setting output to 'FMOD WASAPI Output'
[LOG] OutputWASAPI::init                       : Mix Format (WAVEFORMATEX): wFormatTag=0xFFFE, nChannels=2, nSamplesPerSec=48000, nAvgBytesPerSec=384000, nBlockAlign=8, wBitsPerSample=32, cbSize=22.
[LOG] OutputWASAPI::init                       : Mix Format (WAVEFORMATEXTENSIBLE): wValidBitsPerSample=32, dwChannelMask=0x00000003, SubFormat=00000003-0000-0010-8000-00AA00389B71.
[LOG] OutputWASAPI::init                       : Output buffer size: 4096 samples, latency: 0.00ms, period: 10.00ms, DSP buffer: 1024 * 4
[LOG] Thread::initThread                       : Init FMOD stream thread. Priority: 2, Stack Size: 65536, Semaphore: No, Sleep Time: 10, Looping: Yes.
[LOG] Thread::initThread                       : Init FMOD mixer thread. Priority: 3, Stack Size: 49152, Semaphore: No, Sleep Time: 0, Looping: Yes.
[LOG] AsyncManager::init                       : manager 000001933FA39E18 isAsync 0 updatePeriod 0.02
[LOG] AsyncManager::init                       : done
[LOG] PlaybackSystem::init                     : 
[LOG] Thread::initThread                       : Init FMOD Studio sample load thread. Priority: 0, Stack Size: 65536, Semaphore: No, Sleep Time: 1, Looping: No.
[LOG] PlaybackSystem::init                     : done
[LOG] Thread::initThread                       : Init FMOD Studio bank load thread. Priority: 0, Stack Size: 65536, Semaphore: No, Sleep Time: 1, Looping: No.
[LOG] Manager::init                            : done.
[LOG] Manager::readBank                        : fileversion = 103, compatVersion = 99 (oldest = 44, newest = 103)
[LOG] SystemI::createSound                     : filename = Assets\FMOD\Desktop/Master Bank.bank : mode 02010082
[LOG] SystemI::createSound                     : FMOD_NONBLOCKING specified.  Putting into queue to be opened asynchronously!
[LOG] SystemI::createSound                     : setdata soundi = 0000019373DD5948 : node = 000001935F46E800
[LOG] SystemI::createSound                     : add node to async list : head = 0000019334099308.  list count = 0
[LOG] AsyncThread::threadFunc                  : Starting Asynchronous operation on sound 0000019373DD5948
[LOG] SystemI::createSound                     : filename = Assets\FMOD\Desktop/Master Bank.bank : mode 02010082
[LOG] SystemI::createSoundInternal             :     Create name='Assets\FMOD\Desktop/Master Bank.bank', mode=0x02010082
[LOG] SystemI::createSound                     :     FMOD_NONBLOCKING specified.  Putting into queue to be opened asynchronously!
[LOG] SystemI::createSoundInternal             :     exinfo->cbsize             = 232
[LOG] SystemI::createSoundInternal             :     exinfo->length             = 11845664
[LOG] SystemI::createSound                     :     setdata soundi = 0000019373DD5798 : node = 000001935F46EAA0
[LOG] SystemI::createSoundInternal             :     exinfo->fileoffset         = 78496
[LOG] SystemI::createSound                     :     add node to async list : head = 0000019334099308.  list count = 0
[LOG] SystemI::createSoundInternal             :     exinfo->numsubsounds       = 1
[LOG] SystemI::createSoundInternal             :     exinfo->inclusionlist      = 000001935F46E918
[LOG] SystemI::createSoundInternal             :     exinfo->inclusionlistnum   = 1
[LOG] SystemI::createSoundInternal             :     exinfo->suggestedsoundtype = 5
[LOG] SystemI::createSound                     :     filename = Assets\FMOD\Desktop/Master Bank.bank : mode 02010082
[LOG] SystemI::createSoundInternal             :     exinfo->initialseekposition = 40012
[LOG] SystemI::createSound                     :     FMOD_NONBLOCKING specified.  Putting into queue to be opened asynchronously!
[LOG] SystemI::createSound                     :     setdata soundi = 0000019373DD5438 : node = 000001935F46EBF0
[LOG] SystemI::createSoundInternal             :     exinfo->initialseekpostype = 1
[LOG] SystemI::createSound                     :     add node to async list : head = 0000019334099308.  list count = 1
[LOG] SystemI::createSound                     :     filename = Assets\FMOD\Desktop/Master Bank.bank : mode 02010082
[LOG] SystemI::createSound                     :     FMOD_NONBLOCKING specified.  Putting into queue to be opened asynchronously!
[LOG] SystemI::createSound                     :     setdata soundi = 0000019373DD55E8 : node = 000001935F46DED0
[LOG] SystemI::createSound                     :     add node to async list : head = 0000019334099308.  list count = 2
[LOG] SystemI::createSound                     :     filename = Assets\FMOD\Desktop/Master Bank.bank : mode 02010082
[LOG] SystemI::createSound                     :     FMOD_NONBLOCKING specified.  Putting into queue to be opened asynchronously!
[LOG] SystemI::createSound                     :     setdata soundi = 0000019373DD6008 : node = 000001938E2058B0
[LOG] SystemI::createSound                     :     add node to async list : head = 0000019334099308.  list count = 3
[LOG] SystemI::createSound                     :     filename = Assets\FMOD\Desktop/Master Bank.bank : mode 02010082
[LOG] SystemI::createSound                     :     FMOD_NONBLOCKING specified.  Putting into queue to be opened asynchronously!
[LOG] SystemI::createSoundInternal             :     Stream 0/1: name='Transitions', format=2, channels=2, frequency=48000, lengthbytes=446176, lengthpcm=8131461, pcmblocksize=0, loopstart=0, loopend=0, mode=0x00000000, channelmask=0x00000000, channelorder=0, peakvolume=0.425738.
[LOG] SystemI::createSound                     :     setdata soundi = 0000019373DD5AF8 : node = 000001938E205220
[LOG] SystemI::createSound                     :     add node to async list : head = 0000019334099308.  list count = 4
[LOG] SystemI::createSound                     :     filename = Assets\FMOD\Desktop/Master Bank.bank : mode 02010082
[LOG] SystemI::createSound                     :     FMOD_NONBLOCKING specified.  Putting into queue to be opened asynchronously!
[LOG] SystemI::createSound                     :     setdata soundi = 0000019373DD5288 : node = 000001938E204CE0
[LOG] SystemI::createSound                     :     add node to async list : head = 0000019334099308.  list count = 5
[LOG] SystemI::createSound                     :     filename = Assets\FMOD\Desktop/Master Bank.bank : mode 02010082
[LOG] SystemI::createSound                     :     FMOD_NONBLOCKING specified.  Putting into queue to be opened asynchronously!
[LOG] SystemI::createSound                     :     setdata soundi = 0000019373DD5CA8 : node = 0000019348DE24B0
[LOG] SystemI::createSound                     :     add node to async list : head = 0000019334099308.  list count = 6
[LOG] SystemI::createSound                     :     filename = Assets\FMOD\Desktop/Master Bank.bank : mode 02010082
[LOG] SystemI::createSound                     :     FMOD_NONBLOCKING specified.  Putting into queue to be opened asynchronously!
[LOG] SystemI::createSound                     :     setdata soundi = 000001935F1D2418 : node = 0000019348DE2360
[LOG] SystemI::createSound                     :     add node to async list : head = 0000019334099308.  list count = 7
[LOG] AsyncThread::threadFunc                  : Finished Asynchronous operation on sound 0000019373DD5948
[LOG] AsyncThread::threadFunc                  : Starting Asynchronous operation on sound 0000019373DD5798
[LOG] SystemI::createSoundInternal             :     Create name='Assets\FMOD\Desktop/Master Bank.bank', mode=0x02010082
[LOG] SystemI::createSoundInternal             :     exinfo->cbsize             = 232
[LOG] SystemI::createSoundInternal             :     exinfo->length             = 11845664
[LOG] SystemI::createSoundInternal             :     exinfo->fileoffset         = 78496
[LOG] SystemI::createSoundInternal             :     exinfo->numsubsounds       = 1
[LOG] SystemI::createSoundInternal             :     exinfo->inclusionlist      = 000001935F46EBB8
[LOG] SystemI::createSoundInternal             :     exinfo->inclusionlistnum   = 1
[LOG] SystemI::createSoundInternal             :     exinfo->suggestedsoundtype = 5
[LOG] SystemI::createSoundInternal             :     exinfo->initialseekposition = 8627
[LOG] SystemI::createSoundInternal             :     exinfo->initialseekpostype = 1
[LOG] SystemI::createSoundInternal             :     Stream 0/1: name='Lead_2', format=2, channels=2, frequency=48000, lengthbytes=142016, lengthpcm=602352, pcmblocksize=0, loopstart=0, loopend=0, mode=0x00000000, channelmask=0x00000000, channelorder=0, peakvolume=0.390259.
[LOG] AsyncThread::threadFunc                  : Finished Asynchronous operation on sound 0000019373DD5798
[LOG] AsyncThread::threadFunc                  : Starting Asynchronous operation on sound 0000019373DD5438
[LOG] SystemI::createSoundInternal             :     Create name='Assets\FMOD\Desktop/Master Bank.bank', mode=0x02010082
[LOG] SystemI::createSoundInternal             :     exinfo->cbsize             = 232
[LOG] SystemI::createSoundInternal             :     exinfo->length             = 11845664
[LOG] SystemI::createSoundInternal             :     exinfo->fileoffset         = 78496
[LOG] SystemI::createSoundInternal             :     exinfo->numsubsounds       = 1
[LOG] SystemI::createSoundInternal             :     exinfo->inclusionlist      = 000001935F46ED08
[LOG] SystemI::createSoundInternal             :     exinfo->inclusionlistnum   = 1
[LOG] SystemI::createSoundInternal             :     exinfo->suggestedsoundtype = 5
[LOG] SystemI::createSoundInternal             :     exinfo->initialseekposition = 40012
[LOG] SystemI::createSoundInternal             :     exinfo->initialseekpostype = 1
[LOG] SystemI::createSoundInternal             :     Stream 0/1: name='Bass', format=2, channels=2, frequency=48000, lengthbytes=1237920, lengthpcm=8060129, pcmblocksize=0, loopstart=0, loopend=0, mode=0x00000000, channelmask=0x00000000, channelorder=0, peakvolume=0.466704.
[LOG] AsyncThread::threadFunc                  : Finished Asynchronous operation on sound 0000019373DD5438
[LOG] AsyncThread::threadFunc                  : Starting Asynchronous operation on sound 0000019373DD55E8
[LOG] SystemI::createSoundInternal             :     Create name='Assets\FMOD\Desktop/Master Bank.bank', mode=0x02010082
[LOG] SystemI::createSoundInternal             :     exinfo->cbsize             = 232
[LOG] SystemI::createSoundInternal             :     exinfo->length             = 11845664
[LOG] SystemI::createSoundInternal             :     exinfo->fileoffset         = 78496
[LOG] SystemI::createSoundInternal             :     exinfo->numsubsounds       = 1
[LOG] SystemI::createSoundInternal             :     exinfo->inclusionlist      = 000001935F46DFE8
[LOG] SystemI::createSoundInternal             :     exinfo->inclusionlistnum   = 1
[LOG] SystemI::createSoundInternal             :     exinfo->suggestedsoundtype = 5
[LOG] SystemI::createSoundInternal             :     exinfo->initialseekpostype = 1
[LOG] SystemI::createSoundInternal             :     Stream 0/1: name='4thEvasion_IntroChordhits', format=2, channels=2, frequency=48000, lengthbytes=90080, lengthpcm=498969, pcmblocksize=0, loopstart=0, loopend=0, mode=0x00000000, channelmask=0x00000000, channelorder=0, peakvolume=0.357952.
[LOG] AsyncThread::threadFunc                  : Finished Asynchronous operation on sound 0000019373DD55E8
[LOG] AsyncThread::threadFunc                  : Starting Asynchronous operation on sound 0000019373DD6008
[LOG] SystemI::createSoundInternal             :     Create name='Assets\FMOD\Desktop/Master Bank.bank', mode=0x02010082
[LOG] SystemI::createSoundInternal             :     exinfo->cbsize             = 232
[LOG] SystemI::createSoundInternal             :     exinfo->length             = 11845664
[LOG] SystemI::createSoundInternal             :     exinfo->fileoffset         = 78496
[LOG] SystemI::createSoundInternal             :     exinfo->numsubsounds       = 1
[LOG] SystemI::createSoundInternal             :     exinfo->inclusionlist      = 000001938E2059C8
[LOG] SystemI::createSoundInternal             :     exinfo->inclusionlistnum   = 1
[LOG] SystemI::createSoundInternal             :     exinfo->suggestedsoundtype = 5
[LOG] SystemI::createSoundInternal             :     exinfo->initialseekposition = 40012
[LOG] SystemI::createSoundInternal             :     exinfo->initialseekpostype = 1
[LOG] SystemI::createSoundInternal             :     Stream 0/1: name='Drums', format=2, channels=2, frequency=48000, lengthbytes=1639040, lengthpcm=7917466, pcmblocksize=0, loopstart=0, loopend=0, mode=0x00000000, channelmask=0x00000000, channelorder=0, peakvolume=0.626195.
[LOG] AsyncThread::threadFunc                  : Finished Asynchronous operation on sound 0000019373DD6008
[LOG] AsyncThread::threadFunc                  : Starting Asynchronous operation on sound 0000019373DD5AF8
[LOG] SystemI::createSoundInternal             :     Create name='Assets\FMOD\Desktop/Master Bank.bank', mode=0x02010082
[LOG] SystemI::createSoundInternal             :     exinfo->cbsize             = 232
[LOG] SystemI::createSoundInternal             :     exinfo->length             = 11845664
[LOG] SystemI::createSoundInternal             :     exinfo->fileoffset         = 78496
[LOG] SystemI::createSoundInternal             :     exinfo->numsubsounds       = 1
[LOG] SystemI::createSoundInternal             :     exinfo->inclusionlist      = 000001938E205338
[LOG] SystemI::createSoundInternal             :     exinfo->inclusionlistnum   = 1
[LOG] SystemI::createSoundInternal             :     exinfo->suggestedsoundtype = 5
[LOG] SystemI::createSoundInternal             :     exinfo->initialseekposition = 40012
[LOG] SystemI::createSoundInternal             :     exinfo->initialseekpostype = 1
[LOG] SystemI::createSoundInternal             :     Stream 0/1: name='Audio', format=2, channels=2, frequency=48000, lengthbytes=473440, lengthpcm=7832433, pcmblocksize=0, loopstart=0, loopend=0, mode=0x00000000, channelmask=0x00000000, channelorder=0, peakvolume=0.207663.
[LOG] AsyncThread::threadFunc                  : Finished Asynchronous operation on sound 0000019373DD5AF8
[LOG] AsyncThread::threadFunc                  : Starting Asynchronous operation on sound 0000019373DD5288
[LOG] SystemI::createSoundInternal             :     Create name='Assets\FMOD\Desktop/Master Bank.bank', mode=0x02010082
[LOG] SystemI::createSoundInternal             :     exinfo->cbsize             = 232
[LOG] SystemI::createSoundInternal             :     exinfo->length             = 11845664
[LOG] SystemI::createSoundInternal             :     exinfo->fileoffset         = 78496
[LOG] SystemI::createSoundInternal             :     exinfo->numsubsounds       = 1
[LOG] SystemI::createSoundInternal             :     exinfo->inclusionlist      = 000001938E204DF8
[LOG] SystemI::createSoundInternal             :     exinfo->inclusionlistnum   = 1
[LOG] SystemI::createSoundInternal             :     exinfo->suggestedsoundtype = 5
[LOG] SystemI::createSoundInternal             :     exinfo->initialseekposition = 8627
[LOG] SystemI::createSoundInternal             :     exinfo->initialseekpostype = 1
[LOG] SystemI::createSoundInternal             :     Stream 0/1: name='Evasion_SD_Lift+Holo_3', format=2, channels=2, frequency=48000, lengthbytes=283296, lengthpcm=1490368, pcmblocksize=0, loopstart=0, loopend=0, mode=0x00000000, channelmask=0x00000000, channelorder=0, peakvolume=0.583005.
[LOG] AsyncThread::threadFunc                  : Finished Asynchronous operation on sound 0000019373DD5288
[LOG] AsyncThread::threadFunc                  : Starting Asynchronous operation on sound 0000019373DD5CA8
[LOG] SystemI::createSoundInternal             :     Create name='Assets\FMOD\Desktop/Master Bank.bank', mode=0x02010082
[LOG] SystemI::createSoundInternal             :     exinfo->cbsize             = 232
[LOG] SystemI::createSoundInternal             :     exinfo->length             = 11845664
[LOG] SystemI::createSoundInternal             :     exinfo->fileoffset         = 78496
[LOG] SystemI::createSoundInternal             :     exinfo->numsubsounds       = 1
[LOG] SystemI::createSoundInternal             :     exinfo->inclusionlist      = 0000019348DE25C8
[LOG] SystemI::createSoundInternal             :     exinfo->inclusionlistnum   = 1
[LOG] SystemI::createSoundInternal             :     exinfo->suggestedsoundtype = 5
[LOG] SystemI::createSoundInternal             :     exinfo->initialseekpostype = 1
[LOG] SystemI::createSoundInternal             :     Stream 0/1: name='4thEvasion_IntroLeadv8', format=2, channels=2, frequency=48000, lengthbytes=87872, lengthpcm=570300, pcmblocksize=0, loopstart=0, loopend=0, mode=0x00000000, channelmask=0x00000000, channelorder=0, peakvolume=0.430373.
[LOG] AsyncThread::threadFunc                  : Finished Asynchronous operation on sound 0000019373DD5CA8
[LOG] AsyncThread::threadFunc                  : Starting Asynchronous operation on sound 000001935F1D2418
[LOG] SystemI::createSoundInternal             :     Create name='Assets\FMOD\Desktop/Master Bank.bank', mode=0x02010082
[LOG] SystemI::createSoundInternal             :     exinfo->cbsize             = 232
[LOG] SystemI::createSoundInternal             :     exinfo->length             = 11845664
[LOG] SystemI::createSoundInternal             :     exinfo->fileoffset         = 78496
[LOG] SystemI::createSoundInternal             :     exinfo->numsubsounds       = 1
[LOG] SystemI::createSoundInternal             :     exinfo->inclusionlist      = 0000019348DE2478
[LOG] SystemI::createSoundInternal             :     exinfo->inclusionlistnum   = 1
[LOG] SystemI::createSoundInternal             :     exinfo->suggestedsoundtype = 5
[LOG] SystemI::createSoundInternal             :     exinfo->initialseekposition = 40012
[LOG] SystemI::createSoundInternal             :     exinfo->initialseekpostype = 1
[LOG] SystemI::createSoundInternal             :     Stream 0/1: name='ChordHits', format=2, channels=2, frequency=48000, lengthbytes=1417408, lengthpcm=7988797, pcmblocksize=0, loopstart=0, loopend=0, mode=0x00000000, channelmask=0x00000000, channelorder=0, peakvolume=0.445838.
[LOG] AsyncThread::threadFunc                  : Finished Asynchronous operation on sound 000001935F1D2418
[LOG] SoundI::getSubSound                      : sound 0000019373DD5948.  Subsound index 0 / 1
[LOG] SoundI::getSubSound                      : sound 0000019373DD5798.  Subsound index 0 / 1
[LOG] SoundI::getSubSound                      : sound 0000019373DD5438.  Subsound index 0 / 1
[LOG] SoundI::getSubSound                      : sound 0000019373DD55E8.  Subsound index 0 / 1
[LOG] SoundI::getSubSound                      : sound 0000019373DD6008.  Subsound index 0 / 1
[LOG] SoundI::getSubSound                      : sound 0000019373DD5AF8.  Subsound index 0 / 1
[LOG] SoundI::getSubSound                      : sound 0000019373DD5288.  Subsound index 0 / 1
[LOG] SoundI::getSubSound                      : sound 0000019373DD5CA8.  Subsound index 0 / 1
[LOG] SoundI::getSubSound                      : sound 000001935F1D2418.  Subsound index 0 / 1
[LOG] AsyncThread::threadFunc                  : Starting Asynchronous operation on sound 0000019349C49338
[LOG] AsyncThread::threadFunc                  : Finished Asynchronous operation on sound 0000019349C49338
[LOG] AsyncThread::threadFunc                  : Starting Asynchronous operation on sound 0000019349C49D58
[LOG] AsyncThread::threadFunc                  : Finished Asynchronous operation on sound 0000019349C49D58
[LOG] AsyncThread::threadFunc                  : Starting Asynchronous operation on sound 0000019349C494E8
[LOG] AsyncThread::threadFunc                  : Finished Asynchronous operation on sound 0000019349C494E8
[LOG] AsyncThread::threadFunc                  : Starting Asynchronous operation on sound 0000019349C499F8
[LOG] AsyncThread::threadFunc                  : Finished Asynchronous operation on sound 0000019349C499F8
[LOG] AsyncThread::threadFunc                  : Starting Asynchronous operation on sound 0000019349C49BA8
[LOG] AsyncThread::threadFunc                  : Finished Asynchronous operation on sound 0000019349C49BA8
[LOG] AsyncThread::threadFunc                  : Starting Asynchronous operation on sound 0000019349C480A8
[LOG] AsyncThread::threadFunc                  : Finished Asynchronous operation on sound 0000019349C480A8
[LOG] AsyncThread::threadFunc                  : Starting Asynchronous operation on sound 0000019349C48918
[LOG] AsyncThread::threadFunc                  : Finished Asynchronous operation on sound 0000019349C48918
[LOG] AsyncThread::threadFunc                  : Starting Asynchronous operation on sound 0000019349C49698
[LOG] AsyncThread::threadFunc                  : Finished Asynchronous operation on sound 0000019349C49698
[LOG] AsyncThread::threadFunc                  : Starting Asynchronous operation on sound 0000019349C48768
[LOG] AsyncThread::threadFunc                  : Finished Asynchronous operation on sound 0000019349C48768
[LOG] Manager::readBank                        : fileversion = 103, compatVersion = 99 (oldest = 44, newest = 103)
[LOG] SystemI::createSound                     : filename = Assets\FMOD\Desktop/Master Bank.bank : mode 02010082
[LOG] SystemI::createSound                     : FMOD_NONBLOCKING specified.  Putting into queue to be opened asynchronously!
[LOG] SystemI::createSound                     : setdata soundi = 000001935F1D25C8 : node = 000001934C256540
[LOG] SystemI::createSound                     : add node to async list : head = 0000019334099308.  list count = 0
[LOG] AsyncThread::threadFunc                  : Starting Asynchronous operation on sound 000001935F1D25C8
[LOG] SystemI::createSoundInternal             :     Create name='Assets\FMOD\Desktop/Master Bank.bank', mode=0x02010082
[LOG] SystemI::createSoundInternal             :     exinfo->cbsize             = 232
[LOG] SystemI::createSoundInternal             :     exinfo->length             = 11845664
[LOG] SystemI::createSoundInternal             :     exinfo->fileoffset         = 78496
[LOG] SystemI::createSoundInternal             :     exinfo->numsubsounds       = 1
[LOG] SystemI::createSoundInternal             :     exinfo->inclusionlist      = 000001934C256658
[LOG] SystemI::createSoundInternal             :     exinfo->inclusionlistnum   = 1
[LOG] SystemI::createSoundInternal             :     exinfo->suggestedsoundtype = 5
[LOG] SystemI::createSoundInternal             :     exinfo->initialseekpostype = 1
[LOG] SystemI::createSoundInternal             :     Stream 0/1: name='Lead_3', format=2, channels=2, frequency=48000, lengthbytes=142688, lengthpcm=574741, pcmblocksize=0, loopstart=0, loopend=0, mode=0x00000000, channelmask=0x00000000, channelorder=0, peakvolume=0.419556.
[LOG] AsyncThread::threadFunc                  : Finished Asynchronous operation on sound 000001935F1D25C8
[LOG] SoundI::getSubSound                      : sound 000001935F1D25C8.  Subsound index 0 / 1
[LOG] SoundI::release                          : Lead_2 (0000019373DD5798)
[LOG] SoundI::release                          :     Lead_2 (000001933409A538)
[LOG] SoundI::release                          :     Lead_2 (0000019349C49D58)
[LOG] SoundI::release                          : ChordHits (000001935F1D2418)
[LOG] SoundI::release                          :     ChordHits (0000019334095F58)
[LOG] SoundI::release                          :     ChordHits (0000019349C48918)
[LOG] Manager::readBank                        : fileversion = 103, compatVersion = 99 (oldest = 44, newest = 103)
[LOG] SystemI::createSound                     : filename = Assets\FMOD\Desktop/Master Bank.bank : mode 02010082
[LOG] SystemI::createSound                     : FMOD_NONBLOCKING specified.  Putting into queue to be opened asynchronously!
[LOG] SystemI::createSound                     : setdata soundi = 000001935F1D2268 : node = 000001934C256930
[LOG] SystemI::createSound                     : add node to async list : head = 0000019334099308.  list count = 0
[LOG] AsyncThread::threadFunc                  : Starting Asynchronous operation on sound 000001935F1D2268
[LOG] SystemI::createSoundInternal             :     Create name='Assets\FMOD\Desktop/Master Bank.bank', mode=0x02010082
[LOG] SystemI::createSoundInternal             :     exinfo->cbsize             = 232
[LOG] SystemI::createSoundInternal             :     exinfo->length             = 11845664
[LOG] SystemI::createSoundInternal             :     exinfo->fileoffset         = 78496
[LOG] SystemI::createSoundInternal             :     exinfo->numsubsounds       = 1
[LOG] SystemI::createSoundInternal             :     exinfo->inclusionlist      = 000001934C256A48
[LOG] SystemI::createSoundInternal             :     exinfo->inclusionlistnum   = 1
[LOG] SystemI::createSoundInternal             :     exinfo->suggestedsoundtype = 5
[LOG] SystemI::createSoundInternal             :     exinfo->initialseekpostype = 1
[LOG] SystemI::createSoundInternal             :     Stream 0/1: name='4thEvasion_intro', format=2, channels=2, frequency=48000, lengthbytes=193984, lengthpcm=1069622, pcmblocksize=0, loopstart=0, loopend=0, mode=0x00000000, channelmask=0x00000000, channelorder=0, peakvolume=0.170003.
[LOG] AsyncThread::threadFunc                  : Finished Asynchronous operation on sound 000001935F1D2268
[LOG] SoundI::getSubSound                      : sound 000001935F1D2268.  Subsound index 0 / 1
[LOG] SoundI::release                          : 4thEvasion_intro (0000019349C48C78)
[LOG] SoundI::release                          :     4thEvasion_intro (000001933CCA3098)
[LOG] SoundI::release                          :     4thEvasion_intro (000001936200A818)
[LOG] SystemI::createSound                     : filename = Assets\FMOD\Desktop/Master Bank.bank : mode 02010082
[LOG] SystemI::createSound                     : FMOD_NONBLOCKING specified.  Putting into queue to be opened asynchronously!
[LOG] SystemI::createSound                     : setdata soundi = 000001935F1D20B8 : node = 000001935F46EAA0
[LOG] SystemI::createSound                     : add node to async list : head = 0000019334099308.  list count = 0
[LOG] AsyncThread::threadFunc                  : Starting Asynchronous operation on sound 000001935F1D20B8
[LOG] SystemI::createSoundInternal             :     Create name='Assets\FMOD\Desktop/Master Bank.bank', mode=0x02010082
[LOG] SystemI::createSoundInternal             :     exinfo->cbsize             = 232
[LOG] SystemI::createSoundInternal             :     exinfo->length             = 11845664
[LOG] SystemI::createSoundInternal             :     exinfo->fileoffset         = 78496
[LOG] SystemI::createSoundInternal             :     exinfo->numsubsounds       = 1
[LOG] SystemI::createSoundInternal             :     exinfo->inclusionlist      = 000001935F46EBB8
[LOG] SystemI::createSoundInternal             :     exinfo->inclusionlistnum   = 1
[LOG] SystemI::createSoundInternal             :     exinfo->suggestedsoundtype = 5
[LOG] SystemI::createSoundInternal             :     exinfo->initialseekposition = 49237
[LOG] SystemI::createSoundInternal             :     exinfo->initialseekpostype = 1
[LOG] SystemI::createSoundInternal             :     Stream 0/1: name='ChordHits', format=2, channels=2, frequency=48000, lengthbytes=1417408, lengthpcm=7988797, pcmblocksize=0, loopstart=0, loopend=0, mode=0x00000000, channelmask=0x00000000, channelorder=0, peakvolume=0.445838.
[LOG] AsyncThread::threadFunc                  : Finished Asynchronous operation on sound 000001935F1D20B8
[LOG] SoundI::getSubSound                      : sound 000001935F1D20B8.  Subsound index 0 / 1
[LOG] SoundI::release                          : 4thEvasion_IntroChordhits (0000019373DD55E8)
[LOG] SoundI::release                          :     4thEvasion_IntroChordhits (00000193340950B8)
[LOG] SoundI::release                          :     4thEvasion_IntroChordhits (0000019349C49698)
[LOG] SoundI::release                          : 4thEvasion_IntroLeadv8 (0000019373DD5CA8)
[LOG] SoundI::release                          :     4thEvasion_IntroLeadv8 (0000019334095DB8)
[LOG] SoundI::release                          :     4thEvasion_IntroLeadv8 (0000019349C48768)
[LOG] Manager::readBank                        : fileversion = 103, compatVersion = 99 (oldest = 44, newest = 103)
[LOG] SystemI::createSound                     : filename = Assets\FMOD\Desktop/Master Bank.bank : mode 02010082
[LOG] SystemI::createSound                     : FMOD_NONBLOCKING specified.  Putting into queue to be opened asynchronously!
[LOG] SystemI::createSound                     : setdata soundi = 000001935F1D2418 : node = 000001935F46DED0
[LOG] SystemI::createSound                     : add node to async list : head = 0000019334099308.  list count = 0
[LOG] AsyncThread::threadFunc                  : Starting Asynchronous operation on sound 000001935F1D2418
[LOG] SystemI::createSoundInternal             :     Create name='Assets\FMOD\Desktop/Master Bank.bank', mode=0x02010082
[LOG] SystemI::createSoundInternal             :     exinfo->cbsize             = 232
[LOG] SystemI::createSoundInternal             :     exinfo->length             = 11845664
[LOG] SystemI::createSoundInternal             :     exinfo->fileoffset         = 78496
[LOG] SystemI::createSoundInternal             :     exinfo->numsubsounds       = 1
[LOG] SystemI::createSoundInternal             :     exinfo->inclusionlist      = 000001935F46DFE8
[LOG] SystemI::createSoundInternal             :     exinfo->inclusionlistnum   = 1
[LOG] SystemI::createSoundInternal             :     exinfo->suggestedsoundtype = 5
[LOG] SystemI::createSoundInternal             :     exinfo->initialseekpostype = 1
[LOG] SystemI::createSoundInternal             :     Stream 0/1: name='4thEvasion_IntroLeadv7', format=2, channels=2, frequency=48000, lengthbytes=83616, lengthpcm=498969, pcmblocksize=0, loopstart=0, loopend=0, mode=0x00000000, channelmask=0x00000000, channelorder=0, peakvolume=0.365039.
[LOG] AsyncThread::threadFunc                  : Finished Asynchronous operation on sound 000001935F1D2418
[LOG] SoundI::getSubSound                      : sound 000001935F1D2418.  Subsound index 0 / 1
[LOG] SystemI::createSound                     : filename = Assets\FMOD\Desktop/Master Bank.bank : mode 02010082
[LOG] SystemI::createSound                     : FMOD_NONBLOCKING specified.  Putting into queue to be opened asynchronously!
[LOG] SystemI::createSound                     : setdata soundi = 0000019373DD55E8 : node = 0000019348DE2360
[LOG] SystemI::createSound                     : add node to async list : head = 0000019334099308.  list count = 0
[LOG] SystemI::createSound                     : filename = Assets\FMOD\Desktop/Master Bank.bank : mode 02010082
[LOG] SystemI::createSound                     : FMOD_NONBLOCKING specified.  Putting into queue to be opened asynchronously!
[LOG] SystemI::createSound                     : setdata soundi = 0000019373DD5CA8 : node = 0000019348DE24B0
[LOG] SystemI::createSound                     : add node to async list : head = 0000019334099308.  list count = 1
[LOG] AsyncThread::threadFunc                  : Starting Asynchronous operation on sound 0000019373DD55E8
[LOG] SystemI::createSound                     : filename = Assets\FMOD\Desktop/Master Bank.bank : mode 02010082
[LOG] SystemI::createSoundInternal             :     Create name='Assets\FMOD\Desktop/Master Bank.bank', mode=0x02010082
[LOG] SystemI::createSound                     :     FMOD_NONBLOCKING specified.  Putting into queue to be opened asynchronously!
[LOG] SystemI::createSoundInternal             :     exinfo->cbsize             = 232
[LOG] SystemI::createSoundInternal             :     exinfo->length             = 11845664
[LOG] SystemI::createSound                     :     setdata soundi = 0000019373DD5798 : node = 00000193AB48A830
[LOG] SystemI::createSound                     :     add node to async list : head = 0000019334099308.  list count = 1
[LOG] SystemI::createSound                     :     filename = Assets\FMOD\Desktop/Master Bank.bank : mode 02010082
[LOG] SystemI::createSoundInternal             :     exinfo->fileoffset         = 78496
[LOG] SystemI::createSound                     :     FMOD_NONBLOCKING specified.  Putting into queue to be opened asynchronously!
[LOG] SystemI::createSoundInternal             :     exinfo->numsubsounds       = 1
[LOG] SystemI::createSound                     :     setdata soundi = 000001934C9323F8 : node = 000001933CF167E0
[LOG] SystemI::createSoundInternal             :     exinfo->inclusionlist      = 0000019348DE2478
[LOG] SystemI::createSound                     :     add node to async list : head = 0000019334099308.  list count = 2
[LOG] SystemI::createSoundInternal             :     exinfo->inclusionlistnum   = 1
[LOG] SystemI::createSoundInternal             :     exinfo->suggestedsoundtype = 5
[LOG] SystemI::createSoundInternal             :     exinfo->initialseekposition = 55907
[LOG] SystemI::createSoundInternal             :     exinfo->initialseekpostype = 1
[LOG] SystemI::createSound                     :     filename = Assets\FMOD\Desktop/Master Bank.bank : mode 02010082
[LOG] SystemI::createSound                     :     FMOD_NONBLOCKING specified.  Putting into queue to be opened asynchronously!
[LOG] SystemI::createSound                     :     setdata soundi = 000001934C9325A8 : node = 00000193151EDDA0
[LOG] SystemI::createSound                     :     add node to async list : head = 0000019334099308.  list count = 3
[LOG] SystemI::createSound                     :     filename = Assets\FMOD\Desktop/Master Bank.bank : mode 02010082
[LOG] SystemI::createSound                     :     FMOD_NONBLOCKING specified.  Putting into queue to be opened asynchronously!
[LOG] SystemI::createSound                     :     setdata soundi = 000001934C932758 : node = 00000193151ED860
[LOG] SystemI::createSound                     :     add node to async list : head = 0000019334099308.  list count = 4
[LOG] SystemI::createSound                     :     filename = Assets\FMOD\Desktop/Master Bank.bank : mode 02010082
[LOG] SystemI::createSound                     :     FMOD_NONBLOCKING specified.  Putting into queue to be opened asynchronously!
[LOG] SystemI::createSound                     :     setdata soundi = 000001934C932C68 : node = 00000193151ED080
[LOG] SystemI::createSound                     :     add node to async list : head = 0000019334099308.  list count = 5
[LOG] SystemI::createSound                     :     filename = Assets\FMOD\Desktop/Master Bank.bank : mode 02010082
[LOG] SystemI::createSoundInternal             :     Stream 0/1: name='ChordHits', format=2, channels=2, frequency=48000, lengthbytes=1417408, lengthpcm=7988797, pcmblocksize=0, loopstart=0, loopend=0, mode=0x00000000, channelmask=0x00000000, channelorder=0, peakvolume=0.445838.
[LOG] SystemI::createSound                     :     FMOD_NONBLOCKING specified.  Putting into queue to be opened asynchronously!
[LOG] SystemI::createSound                     :     setdata soundi = 000001934C932908 : node = 00000193151ED320
[LOG] SystemI::createSound                     :     add node to async list : head = 0000019334099308.  list count = 6
[LOG] AsyncThread::threadFunc                  : Finished Asynchronous operation on sound 0000019373DD55E8
[LOG] AsyncThread::threadFunc                  : Starting Asynchronous operation on sound 0000019373DD5CA8
[LOG] SystemI::createSoundInternal             :     Create name='Assets\FMOD\Desktop/Master Bank.bank', mode=0x02010082
[LOG] SystemI::createSoundInternal             :     exinfo->cbsize             = 232
[LOG] SystemI::createSoundInternal             :     exinfo->length             = 11845664
[LOG] SystemI::createSoundInternal             :     exinfo->fileoffset         = 78496
[LOG] SystemI::createSoundInternal             :     exinfo->numsubsounds       = 1
[LOG] SystemI::createSoundInternal             :     exinfo->inclusionlist      = 0000019348DE25C8
[LOG] SystemI::createSoundInternal             :     exinfo->inclusionlistnum   = 1
[LOG] SystemI::createSoundInternal             :     exinfo->suggestedsoundtype = 5
[LOG] SystemI::createSoundInternal             :     exinfo->initialseekpostype = 1
[LOG] SystemI::createSoundInternal             :     Stream 0/1: name='Lead_4', format=2, channels=2, frequency=48000, lengthbytes=146912, lengthpcm=561950, pcmblocksize=0, loopstart=0, loopend=0, mode=0x00000000, channelmask=0x00000000, channelorder=0, peakvolume=0.416840.
[LOG] AsyncThread::threadFunc                  : Finished Asynchronous operation on sound 0000019373DD5CA8
[LOG] AsyncThread::threadFunc                  : Starting Asynchronous operation on sound 0000019373DD5798
[LOG] SystemI::createSoundInternal             :     Create name='Assets\FMOD\Desktop/Master Bank.bank', mode=0x02010082
[LOG] SystemI::createSoundInternal             :     exinfo->cbsize             = 232
[LOG] SystemI::createSoundInternal             :     exinfo->length             = 11845664
[LOG] SystemI::createSoundInternal             :     exinfo->fileoffset         = 78496
[LOG] SystemI::createSoundInternal             :     exinfo->numsubsounds       = 1
[LOG] SystemI::createSoundInternal             :     exinfo->inclusionlist      = 00000193AB48A948
[LOG] SystemI::createSoundInternal             :     exinfo->inclusionlistnum   = 1
[LOG] SystemI::createSoundInternal             :     exinfo->suggestedsoundtype = 5
[LOG] SystemI::createSoundInternal             :     exinfo->initialseekposition = 55907
[LOG] SystemI::createSoundInternal             :     exinfo->initialseekpostype = 1
[LOG] SystemI::createSoundInternal             :     Stream 0/1: name='Drums', format=2, channels=2, frequency=48000, lengthbytes=1639040, lengthpcm=7917466, pcmblocksize=0, loopstart=0, loopend=0, mode=0x00000000, channelmask=0x00000000, channelorder=0, peakvolume=0.626195.
[LOG] AsyncThread::threadFunc                  : Finished Asynchronous operation on sound 0000019373DD5798
[LOG] AsyncThread::threadFunc                  : Starting Asynchronous operation on sound 000001934C9323F8
[LOG] SystemI::createSoundInternal             :     Create name='Assets\FMOD\Desktop/Master Bank.bank', mode=0x02010082
[LOG] SystemI::createSoundInternal             :     exinfo->cbsize             = 232
[LOG] SystemI::createSoundInternal             :     exinfo->length             = 11845664
[LOG] SystemI::createSoundInternal             :     exinfo->fileoffset         = 78496
[LOG] SystemI::createSoundInternal             :     exinfo->numsubsounds       = 1
[LOG] SystemI::createSoundInternal             :     exinfo->inclusionlist      = 000001933CF168F8
[LOG] SystemI::createSoundInternal             :     exinfo->inclusionlistnum   = 1
[LOG] SystemI::createSoundInternal             :     exinfo->suggestedsoundtype = 5
[LOG] SystemI::createSoundInternal             :     exinfo->initialseekposition = 55907
[LOG] SystemI::createSoundInternal             :     exinfo->initialseekpostype = 1
[LOG] SystemI::createSoundInternal             :     Stream 0/1: name='Bass', format=2, channels=2, frequency=48000, lengthbytes=1237920, lengthpcm=8060129, pcmblocksize=0, loopstart=0, loopend=0, mode=0x00000000, channelmask=0x00000000, channelorder=0, peakvolume=0.466704.
[LOG] AsyncThread::threadFunc                  : Finished Asynchronous operation on sound 000001934C9323F8
[LOG] AsyncThread::threadFunc                  : Starting Asynchronous operation on sound 000001934C9325A8
[LOG] SystemI::createSoundInternal             :     Create name='Assets\FMOD\Desktop/Master Bank.bank', mode=0x02010082
[LOG] SystemI::createSoundInternal             :     exinfo->cbsize             = 232
[LOG] SystemI::createSoundInternal             :     exinfo->length             = 11845664
[LOG] SystemI::createSoundInternal             :     exinfo->fileoffset         = 78496
[LOG] SystemI::createSoundInternal             :     exinfo->numsubsounds       = 1
[LOG] SystemI::createSoundInternal             :     exinfo->inclusionlist      = 00000193151EDEB8
[LOG] SystemI::createSoundInternal             :     exinfo->inclusionlistnum   = 1
[LOG] SystemI::createSoundInternal             :     exinfo->suggestedsoundtype = 5
[LOG] SystemI::createSoundInternal             :     exinfo->initialseekposition = 1500
[LOG] SystemI::createSoundInternal             :     exinfo->initialseekpostype = 1
[LOG] SystemI::createSoundInternal             :     Stream 0/1: name='4thEvasion_IntroLeadv7', format=2, channels=2, frequency=48000, lengthbytes=83616, lengthpcm=498969, pcmblocksize=0, loopstart=0, loopend=0, mode=0x00000000, channelmask=0x00000000, channelorder=0, peakvolume=0.365039.
[LOG] AsyncThread::threadFunc                  : Finished Asynchronous operation on sound 000001934C9325A8
[LOG] AsyncThread::threadFunc                  : Starting Asynchronous operation on sound 000001934C932758
[LOG] SystemI::createSoundInternal             :     Create name='Assets\FMOD\Desktop/Master Bank.bank', mode=0x02010082
[LOG] SystemI::createSoundInternal             :     exinfo->cbsize             = 232
[LOG] SystemI::createSoundInternal             :     exinfo->length             = 11845664
[LOG] SystemI::createSoundInternal             :     exinfo->fileoffset         = 78496
[LOG] SystemI::createSoundInternal             :     exinfo->numsubsounds       = 1
[LOG] SystemI::createSoundInternal             :     exinfo->inclusionlist      = 00000193151ED978
[LOG] SystemI::createSoundInternal             :     exinfo->inclusionlistnum   = 1
[LOG] SystemI::createSoundInternal             :     exinfo->suggestedsoundtype = 5
[LOG] SystemI::createSoundInternal             :     exinfo->initialseekposition = 24549
[LOG] SystemI::createSoundInternal             :     exinfo->initialseekpostype = 1
[LOG] SystemI::createSoundInternal             :     Stream 0/1: name='Evasion_SD_Lift+Holo_3', format=2, channels=2, frequency=48000, lengthbytes=283296, lengthpcm=1490368, pcmblocksize=0, loopstart=0, loopend=0, mode=0x00000000, channelmask=0x00000000, channelorder=0, peakvolume=0.583005.
[LOG] AsyncThread::threadFunc                  : Finished Asynchronous operation on sound 000001934C932758
[LOG] AsyncThread::threadFunc                  : Starting Asynchronous operation on sound 000001934C932C68
[LOG] SystemI::createSoundInternal             :     Create name='Assets\FMOD\Desktop/Master Bank.bank', mode=0x02010082
[LOG] SystemI::createSoundInternal             :     exinfo->cbsize             = 232
[LOG] SystemI::createSoundInternal             :     exinfo->length             = 11845664
[LOG] SystemI::createSoundInternal             :     exinfo->fileoffset         = 78496
[LOG] SystemI::createSoundInternal             :     exinfo->numsubsounds       = 1
[LOG] SystemI::createSoundInternal             :     exinfo->inclusionlist      = 00000193151ED198
[LOG] SystemI::createSoundInternal             :     exinfo->inclusionlistnum   = 1
[LOG] SystemI::createSoundInternal             :     exinfo->suggestedsoundtype = 5
[LOG] SystemI::createSoundInternal             :     exinfo->initialseekposition = 55907
[LOG] SystemI::createSoundInternal             :     exinfo->initialseekpostype = 1
[LOG] SystemI::createSoundInternal             :     Stream 0/1: name='Transitions', format=2, channels=2, frequency=48000, lengthbytes=446176, lengthpcm=8131461, pcmblocksize=0, loopstart=0, loopend=0, mode=0x00000000, channelmask=0x00000000, channelorder=0, peakvolume=0.425738.
[LOG] AsyncThread::threadFunc                  : Finished Asynchronous operation on sound 000001934C932C68
[LOG] AsyncThread::threadFunc                  : Starting Asynchronous operation on sound 000001934C932908
[LOG] SystemI::createSoundInternal             :     Create name='Assets\FMOD\Desktop/Master Bank.bank', mode=0x02010082
[LOG] SystemI::createSoundInternal             :     exinfo->cbsize             = 232
[LOG] SystemI::createSoundInternal             :     exinfo->length             = 11845664
[LOG] SystemI::createSoundInternal             :     exinfo->fileoffset         = 78496
[LOG] SystemI::createSoundInternal             :     exinfo->numsubsounds       = 1
[LOG] SystemI::createSoundInternal             :     exinfo->inclusionlist      = 00000193151ED438
[LOG] SystemI::createSoundInternal             :     exinfo->inclusionlistnum   = 1
[LOG] SystemI::createSoundInternal             :     exinfo->suggestedsoundtype = 5
[LOG] SystemI::createSoundInternal             :     exinfo->initialseekposition = 55907
[LOG] SystemI::createSoundInternal             :     exinfo->initialseekpostype = 1
[LOG] SystemI::createSoundInternal             :     Stream 0/1: name='Audio', format=2, channels=2, frequency=48000, lengthbytes=473440, lengthpcm=7832433, pcmblocksize=0, loopstart=0, loopend=0, mode=0x00000000, channelmask=0x00000000, channelorder=0, peakvolume=0.207663.
[LOG] AsyncThread::threadFunc                  : Finished Asynchronous operation on sound 000001934C932908
[LOG] SoundI::getSubSound                      : sound 0000019373DD55E8.  Subsound index 0 / 1
[LOG] SoundI::getSubSound                      : sound 0000019373DD5CA8.  Subsound index 0 / 1
[LOG] SoundI::getSubSound                      : sound 0000019373DD5798.  Subsound index 0 / 1
[LOG] SoundI::getSubSound                      : sound 000001934C9323F8.  Subsound index 0 / 1
[LOG] SoundI::getSubSound                      : sound 000001934C9325A8.  Subsound index 0 / 1
[LOG] SoundI::getSubSound                      : sound 000001934C932758.  Subsound index 0 / 1
[LOG] SoundI::getSubSound                      : sound 000001934C932C68.  Subsound index 0 / 1
[LOG] SoundI::getSubSound                      : sound 000001934C932908.  Subsound index 0 / 1
[LOG] SoundI::release                          : Bass (0000019373DD5438)
[LOG] SoundI::release                          :     Bass (0000019334099018)
[LOG] SoundI::release                          :     Bass (0000019349C494E8)
[LOG] SoundI::release                          : Lead_3 (000001935F1D25C8)
[LOG] SoundI::release                          :     Lead_3 (00000193340960F8)
[LOG] SoundI::release                          :     Lead_3 (000001938E88D128)
[LOG] SoundI::release                          : 4thEvasion_IntroLeadv7 (000001935F1D2418)
[LOG] SoundI::release                          :     4thEvasion_IntroLeadv7 (000001934BF44BE8)
[LOG] SoundI::release                          :     4thEvasion_IntroLeadv7 (00000193ABEADAD8)
[LOG] SoundI::release                          : Transitions (0000019373DD5948)
[LOG] SoundI::release                          :     Transitions (0000019334098E78)
[LOG] SoundI::release                          :     Transitions (0000019349C49338)
[LOG] SoundI::release                          : Drums (0000019373DD6008)
[LOG] SoundI::release                          :     Drums (0000019334095598)
[LOG] SoundI::release                          :     Drums (0000019349C499F8)
[LOG] SoundI::release                          : Audio (0000019373DD5AF8)
[LOG] SoundI::release                          :     Audio (00000193340958D8)
[LOG] SoundI::release                          :     Audio (0000019349C49BA8)
[LOG] SoundI::release                          : Evasion_SD_Lift+Holo_3 (0000019373DD5288)
[LOG] SoundI::release                          :     Evasion_SD_Lift+Holo_3 (0000019334095C18)
[LOG] SoundI::release                          :     Evasion_SD_Lift+Holo_3 (0000019349C480A8)
[LOG] SoundI::release                          : ChordHits (000001935F1D20B8)
[LOG] SoundI::release                          :     ChordHits (000001934BF44A48)
[LOG] SoundI::release                          :     ChordHits (00000193ABEAD268)
[LOG] SoundI::release                          :  (00000193ABE7E978)
[LOG] SoundI::release                          :     Evasion_SD_Flux_2 (0000019334094078)
[LOG] SoundI::release                          :  (000001933C597438)
[LOG] SoundI::release                          :     Evasion_SD_Flux_3 (0000019334094218)
[LOG] SoundI::release                          :  (000001933C595BC8)
[LOG] SoundI::release                          :     Evasion_SD_Flux_4 (00000193340977B8)
[LOG] SoundI::release                          :  (00000193ABE7E3B8)
[LOG] SoundI::release                          :     Evasion_SD_Flux_1 (0000019334096918)
[LOG] SoundI::release                          :  (000001933C595D38)
[LOG] SoundI::release                          :     Glockenspielholecheckpoint_bell (0000019334099698)
[LOG] SoundI::release                          :  (00000193ABE7EDC8)
[LOG] SoundI::release                          :     Massive Xholecheckpoint_1 (0000019334095A78)
[LOG] SoundI::release                          :  (000001933C595048)
[LOG] SoundI::release                          :     Massive Xholecheckpoint_2 (0000019334094F18)
[LOG] SoundI::release                          :  (000001933C5968B8)
[LOG] SoundI::release                          :     Massive Xholecheckpoint_3 (0000019334094D78)
[LOG] SoundI::release                          :  (000001933C595EA8)
[LOG] SoundI::release                          :     Massive Xholecheckpoint_4 (0000019334097AF8)
[LOG] SoundI::release                          :  (00000193ABE7FF08)
[LOG] SoundI::release                          :     Massive Xholecheckpoint_5 (00000193340984B8)
[LOG] SoundI::release                          :  (00000193ABE7F0A8)
[LOG] SoundI::release                          :     Massive Xholecheckpoint_6 (0000019334099B78)
[LOG] SoundI::release                          :  (000001933C596D08)
[LOG] SoundI::release                          :     Massive Xholecheckpoint_7 (0000019334094A38)
[LOG] SoundI::release                          :  (000001933C594078)
[LOG] SoundI::release                          :     Massive Xholecheckpoint (0000019334098658)
[LOG] SoundI::release                          :  (000001933C5951B8)
[LOG] SoundI::release                          :     Evasion_SD_Jump (0000019334099EB8)
[LOG] SoundI::release                          :  (00000193ABE7F218)
[LOG] SoundI::release                          :     Evasion_SD_CheckpointBass (000001933409A1F8)
[LOG] SoundI::release                          :  (000001933C597158)
[LOG] SoundI::release                          :     Evasion_SD_JumpPad2_Filter (0000019334095738)
[LOG] SoundI::release                          :  (00000193ABE7E0D8)
[LOG] SoundI::release                          :     Lead_7 (0000019334095258)
[LOG] SoundI::release                          :  (000001933C5979F8)
[LOG] SoundI::release                          :     Trailer, Stinger, Impact, Surdo Hit 01 SND11672 (00000193340987F8)
[LOG] SoundI::release                          :  (00000193ABE7FD98)
[LOG] SoundI::release                          :     Audio - Trimmed (000001933409A058)
[LOG] SoundI::release                          :  (000001933C5965D8)
[LOG] SoundI::release                          :     Lead_6 (0000019334097478)
[LOG] SoundI::release                          :  (000001933C596748)
[LOG] SoundI::release                          :     Evasion_SD_Countdown (00000193340953F8)
[LOG] SoundI::release                          : Audio (000001934C932908)
[LOG] SoundI::release                          :     Audio (000001934BF477C8)
[LOG] SoundI::release                          :     Audio (000001935F98DAC8)
[LOG] SoundI::release                          : Transitions (000001934C932C68)
[LOG] SoundI::release                          :     Transitions (000001934BF458E8)
[LOG] SoundI::release                          :     Transitions (00000193ABEAD928)
[LOG] SoundI::release                          : Evasion_SD_Lift+Holo_3 (000001934C932758)
[LOG] SoundI::release                          :     Evasion_SD_Lift+Holo_3 (000001934BF45748)
[LOG] SoundI::release                          :     Evasion_SD_Lift+Holo_3 (00000193ABEAD778)
[LOG] SoundI::release                          : 4thEvasion_IntroLeadv7 (000001934C9325A8)
[LOG] SoundI::release                          :     4thEvasion_IntroLeadv7 (000001934BF455A8)
[LOG] SoundI::release                          :     4thEvasion_IntroLeadv7 (00000193ABEAD5C8)
[LOG] SoundI::release                          : Bass (000001934C9323F8)
[LOG] SoundI::release                          :     Bass (000001934BF45268)
[LOG] SoundI::release                          :     Bass (00000193ABEAD418)
[LOG] SoundI::release                          : Drums (0000019373DD5798)
[LOG] SoundI::release                          :     Drums (000001934BF450C8)
[LOG] SoundI::release                          :     Drums (00000193ABEAD0B8)
[LOG] SoundI::release                          : Lead_4 (0000019373DD5CA8)
[LOG] SoundI::release                          :     Lead_4 (000001934BF44F28)
[LOG] SoundI::release                          :     Lead_4 (00000193ABEADC88)
[LOG] SoundI::release                          : ChordHits (0000019373DD55E8)
[LOG] SoundI::release                          :     ChordHits (000001934BF44D88)
[LOG] SoundI::release                          :     ChordHits (00000193ABEACF08)
[LOG] SoundI::release                          : 4thEvasion_intro (000001935F1D2268)
[LOG] SoundI::release                          :     4thEvasion_intro (000001934BF448A8)
[LOG] SoundI::release                          :     4thEvasion_intro (000001936E0E18F8)
[LOG] SoundI::release                          : Evasion_SD_Atmosphere (0000019349C48FD8)
[LOG] SoundI::release                          :     Evasion_SD_Atmosphere (000001936DAC2028)
[LOG] SoundI::release                          :     Evasion_SD_Atmosphere (000001936200AB78)
[LOG] SoundI::release                          :  (000001933C5972C8)
[LOG] SoundI::release                          :     Evasion_SD_HeadRoll (0000019334097C98)
[LOG] SoundI::release                          :  (00000193ABE7FAB8)
[LOG] SoundI::release                          :     Evasion_SD_holostep1 (0000019334099838)
[LOG] SoundI::release                          :  (00000193ABE7EF38)
[LOG] SoundI::release                          :     Evasion_SD_holostep2 (0000019334098318)
[LOG] SoundI::release                          :  (00000193ABE7F388)
[LOG] SoundI::release                          :     Evasion_SD_Step1 (0000019334096AB8)
[LOG] SoundI::release                          :  (000001933C594918)
[LOG] SoundI::release                          :     Evasion_SD_Step3 (0000019334097FD8)
[LOG] SoundI::release                          :  (00000193ABE7FC28)
[LOG] SoundI::release                          :     Evasion_SD_StepRobot (0000019334098178)
[LOG] SoundI::release                          :  (00000193ABE7F668)
[LOG] SoundI::release                          :     Evasion_SD_StepBass (0000019334099D18)
[LOG] SoundI::release                          :  (00000193ABE7F948)
[LOG] SoundI::release                          :     Evasion_SD_Step2 (0000019334098CD8)
[LOG] Thread::callback                         : FMOD Studio update thread finished.
[LOG] Thread::callback                         : FMOD Studio bank load thread finished.
[LOG] Profile::disconnectAll                   : Profiler disconnecting all clients
[LOG] Thread::callback                         : FMOD Studio sample load thread finished.
[LOG] LiveUpdate::release                      : 
[LOG] LiveUpdate::reset                        : Reset connection (reason Disconnected)
[LOG] Thread::callback                         : FMOD stream thread finished.
[LOG] Thread::callback                         : FMOD mixer thread finished.
[LOG] Profile::disconnectAll                   : Profiler disconnecting all clients
[LOG] SystemI::close                           : Closed.
[LOG] Manager::readBank                        : fileversion = 103, compatVersion = 99 (oldest = 44, newest = 103)
[LOG] Manager::readBank                        : fileversion = 103, compatVersion = 99 (oldest = 44, newest = 103)
[LOG] Manager::readBank                        : fileversion = 103, compatVersion = 99 (oldest = 44, newest = 103)
[LOG] Manager::readBank                        : fileversion = 103, compatVersion = 99 (oldest = 44, newest = 103)
[LOG] Manager::readBank                        : fileversion = 103, compatVersion = 99 (oldest = 44, newest = 103)
[LOG] Manager::readBank                        : fileversion = 103, compatVersion = 99 (oldest = 44, newest = 103)
[LOG] PlaybackSystem::acquireMasterBus         : Setting master channel group format to 6
